#-----------------------------------------------------------
# PlanAhead v14.7 (64-bit)
# Build 321239 by xbuild on Fri Sep 27 19:29:51 MDT 2013
# Start of session at: Thu Dec 29 15:39:17 2016
# Process ID: 11464
# Log file: F:/study/Logic and Computer Design Fundamentals/final project/try/FLAPY_TRY/planAhead_run_1/planAhead.log
# Journal file: F:/study/Logic and Computer Design Fundamentals/final project/try/FLAPY_TRY/planAhead_run_1/planAhead.jou
#-----------------------------------------------------------
INFO: [Common 17-78] Attempting to get a license: PlanAhead
INFO: [Common 17-290] Got license for PlanAhead
INFO: [Device 21-36] Loading parts and site information from F:/14.7/ISE_DS/PlanAhead/data/parts/arch.xml
Parsing RTL primitives file [F:/14.7/ISE_DS/PlanAhead/data/parts/xilinx/rtl/prims/rtl_prims.xml]
Finished parsing RTL primitives file [F:/14.7/ISE_DS/PlanAhead/data/parts/xilinx/rtl/prims/rtl_prims.xml]
start_gui
source {F:/study/Logic and Computer Design Fundamentals/final project/try/FLAPY_TRY/pa.fromNetlist.tcl}
# create_project -name FLAPY_TRY -dir "F:/study/Logic and Computer Design Fundamentals/final project/try/FLAPY_TRY/planAhead_run_3" -part xc7k160tffg676-1
ERROR: [Common 17-53] User Exception: Project already exists on disk, please use '-force' option to overwrite: 
     F:/study/Logic and Computer Design Fundamentals/final project/try/FLAPY_TRY/planAhead_run_3/FLAPY_TRY.ppr
     F:/study/Logic and Computer Design Fundamentals/final project/try/FLAPY_TRY/planAhead_run_3/FLAPY_TRY.data

    while executing
"create_project -name FLAPY_TRY -dir "F:/study/Logic and Computer Design Fundamentals/final project/try/FLAPY_TRY/planAhead_run_3" -part xc7k160tffg676..."
    (file "F:/study/Logic and Computer Design Fundamentals/final project/try/FLAPY_TRY/pa.fromNetlist.tcl" line 4)
exit
INFO: [Common 17-206] Exiting PlanAhead at Thu Dec 29 15:40:40 2016...
INFO: [Common 17-83] Releasing license: PlanAhead
