INFO:sim:172 - Generating IP...
Resolving generics for 'help'...
Applying external generics to 'help'...
Delivering associated files for 'help'...
Delivering EJava files for 'help'...
Generating implementation netlist for 'help'...
INFO:sim - Pre-processing HDL files for 'help'...
Running synthesis for 'help'
Running ngcbuild...
Writing VEO instantiation template for 'help'...
Writing Verilog behavioral simulation model for 'help'...
WARNING:sim - Overwriting existing file F:/study/Logic and Computer Design
   Fundamentals/final
   project/try/FLAPY_TRY/ipcore_dir/tmp/_cg/help/doc/blk_mem_gen_v7_3_vinfo.html
   with file from view xilinx_documentation
Delivered 1 file into directory F:/study/Logic and Computer Design
Fundamentals/final project/try/FLAPY_TRY/ipcore_dir/tmp/_cg/help
Generating ASY schematic symbol...
INFO:sim:949 - Finished generation of ASY schematic symbol.
Generating SYM schematic symbol for 'help'...
Generating metadata file...
Generating ISE project file for 'help'...
Generating ISE project...
XCO file found: help.xco
XMDF file found: help_xmdf.tcl
Adding F:/study/Logic and Computer Design Fundamentals/final
project/try/FLAPY_TRY/ipcore_dir/tmp/_cg/help.asy -view all -origin_type
imported
Adding F:/study/Logic and Computer Design Fundamentals/final
project/try/FLAPY_TRY/ipcore_dir/tmp/_cg/help.ngc -view all -origin_type created
Checking file "F:/study/Logic and Computer Design Fundamentals/final
project/try/FLAPY_TRY/ipcore_dir/tmp/_cg/help.ngc" for project device match ...
File "F:/study/Logic and Computer Design Fundamentals/final
project/try/FLAPY_TRY/ipcore_dir/tmp/_cg/help.ngc" device information matches
project device.
Adding F:/study/Logic and Computer Design Fundamentals/final
project/try/FLAPY_TRY/ipcore_dir/tmp/_cg/help.sym -view all -origin_type
imported
Adding F:/study/Logic and Computer Design Fundamentals/final
project/try/FLAPY_TRY/ipcore_dir/tmp/_cg/help.v -view all -origin_type created
INFO:HDLCompiler:1845 - Analyzing Verilog file "F:/study/Logic and Computer
   Design Fundamentals/final project/try/FLAPY_TRY/ipcore_dir/tmp/_cg/help.v"
   into library work
INFO:ProjectMgmt - Parsing design hierarchy completed successfully.
Adding F:/study/Logic and Computer Design Fundamentals/final
project/try/FLAPY_TRY/ipcore_dir/tmp/_cg/help.veo -view all -origin_type
imported
INFO:TclTasksC:2116 - The automatic calculation of top has been turned-off.
   Please set the new top explicitly by running the "project set top" command.
   To re-calculate the new top automatically, set the "Auto Implementation Top"
   property to true.
Top level has been set to "/help"
Generating README file...
Generating FLIST file...
INFO:sim:948 - Finished FLIST file generation.
Launching README viewer...
Moving files to output directory...
Finished moving files to output directory
Wrote CGP file for project 'help'.
