Release 14.7 Map P.20131013 (nt64)
Xilinx Mapping Report File for Design 'bird_control'

Design Information
------------------
Command Line   : map -intstyle ise -p xc7a100t-csg324-3 -w -logic_opt off -ol
high -t 1 -xt 0 -register_duplication off -r 4 -mt off -ir off -pr off -lc off
-power off -o bird_control_map.ncd bird_control.ngd bird_control.pcf 
Target Device  : xc7a100t
Target Package : csg324
Target Speed   : -3
Mapper Version : artix7 -- $Revision: 1.55 $
Mapped Date    : Sat Jan 07 06:03:09 2017

Design Summary
--------------
Number of errors:      0
Number of warnings:    4
Slice Logic Utilization:
  Number of Slice Registers:                   338 out of 126,800    1%
    Number used as Flip Flops:                 277
    Number used as Latches:                      0
    Number used as Latch-thrus:                  0
    Number used as AND/OR logics:               61
  Number of Slice LUTs:                      1,512 out of  63,400    2%
    Number used as logic:                    1,498 out of  63,400    2%
      Number using O6 output only:           1,012
      Number using O5 output only:              70
      Number using O5 and O6:                  416
      Number used as ROM:                        0
    Number used as Memory:                       2 out of  19,000    1%
      Number used as Dual Port RAM:              0
      Number used as Single Port RAM:            0
      Number used as Shift Register:             2
        Number using O6 output only:             2
        Number using O5 output only:             0
        Number using O5 and O6:                  0
    Number used exclusively as route-thrus:     12
      Number with same-slice register load:      7
      Number with same-slice carry load:         5
      Number with other load:                    0

Slice Logic Distribution:
  Number of occupied Slices:                   652 out of  15,850    4%
  Number of LUT Flip Flop pairs used:        1,559
    Number with an unused Flip Flop:         1,250 out of   1,559   80%
    Number with an unused LUT:                  47 out of   1,559    3%
    Number of fully used LUT-FF pairs:         262 out of   1,559   16%
    Number of unique control sets:              24
    Number of slice register sites lost
      to control set restrictions:             137 out of 126,800    1%

  A LUT Flip Flop pair for this architecture represents one LUT paired with
  one Flip Flop within a slice.  A control set is a unique combination of
  clock, reset, set, and enable signals for a registered element.
  The Slice Logic Distribution report is not meaningful if the design is
  over-mapped for a non-slice resource or if Placement fails.
  OVERMAPPING of BRAM resources should be ignored if the design is
  over-mapped for a non-BRAM resource or if placement fails.

IO Utilization:
  Number of bonded IOBs:                        32 out of     210   15%
    Number of LOCed IOBs:                       32 out of      32  100%

Specific Feature Utilization:
  Number of RAMB36E1/FIFO36E1s:                100 out of     135   74%
    Number using RAMB36E1 only:                100
    Number using FIFO36E1 only:                  0
  Number of RAMB18E1/FIFO18E1s:                 26 out of     270    9%
    Number using RAMB18E1 only:                 26
    Number using FIFO18E1 only:                  0
  Number of BUFG/BUFGCTRLs:                      4 out of      32   12%
    Number used as BUFGs:                        4
    Number used as BUFGCTRLs:                    0
  Number of IDELAYE2/IDELAYE2_FINEDELAYs:        0 out of     300    0%
  Number of ILOGICE2/ILOGICE3/ISERDESE2s:        0 out of     300    0%
  Number of ODELAYE2/ODELAYE2_FINEDELAYs:        0
  Number of OLOGICE2/OLOGICE3/OSERDESE2s:        0 out of     300    0%
  Number of PHASER_IN/PHASER_IN_PHYs:            0 out of      24    0%
  Number of PHASER_OUT/PHASER_OUT_PHYs:          0 out of      24    0%
  Number of BSCANs:                              0 out of       4    0%
  Number of BUFHCEs:                             0 out of      96    0%
  Number of BUFRs:                               0 out of      24    0%
  Number of CAPTUREs:                            0 out of       1    0%
  Number of DNA_PORTs:                           0 out of       1    0%
  Number of DSP48E1s:                           11 out of     240    4%
  Number of EFUSE_USRs:                          0 out of       1    0%
  Number of FRAME_ECCs:                          0 out of       1    0%
  Number of IBUFDS_GTE2s:                        0 out of       4    0%
  Number of ICAPs:                               0 out of       2    0%
  Number of IDELAYCTRLs:                         0 out of       6    0%
  Number of IN_FIFOs:                            0 out of      24    0%
  Number of MMCME2_ADVs:                         0 out of       6    0%
  Number of OUT_FIFOs:                           0 out of      24    0%
  Number of PCIE_2_1s:                           0 out of       1    0%
  Number of PHASER_REFs:                         0 out of       6    0%
  Number of PHY_CONTROLs:                        0 out of       6    0%
  Number of PLLE2_ADVs:                          0 out of       6    0%
  Number of STARTUPs:                            0 out of       1    0%
  Number of XADCs:                               0 out of       1    0%

Average Fanout of Non-Clock Nets:                3.73

Peak Memory Usage:  983 MB
Total REAL time to MAP completion:  3 mins 21 secs 
Total CPU time to MAP completion:   3 mins 19 secs 

Table of Contents
-----------------
Section 1 - Errors
Section 2 - Warnings
Section 3 - Informational
Section 4 - Removed Logic Summary
Section 5 - Removed Logic
Section 6 - IOB Properties
Section 7 - RPMs
Section 8 - Guide Report
Section 9 - Area Group and Partition Summary
Section 10 - Timing Report
Section 11 - Configuration String Information
Section 12 - Control Set Information
Section 13 - Utilization by Hierarchy

Section 1 - Errors
------------------

Section 2 - Warnings
--------------------
WARNING:PhysDesignRules:372 - Gated clock. Clock net pipe_two_H/move2/n0007 is
   sourced by a combinatorial pin. This is not good design practice. Use the CE
   pin to control the loading of data into the flip-flop.
WARNING:PhysDesignRules:372 - Gated clock. Clock net pipe_one_H/move1/n0007 is
   sourced by a combinatorial pin. This is not good design practice. Use the CE
   pin to control the loading of data into the flip-flop.
WARNING:PhysDesignRules:372 - Gated clock. Clock net KeyBoardControl/p is
   sourced by a combinatorial pin. This is not good design practice. Use the CE
   pin to control the loading of data into the flip-flop.
WARNING:PhysDesignRules:372 - Gated clock. Clock net KeyBoardControl/h is
   sourced by a combinatorial pin. This is not good design practice. Use the CE
   pin to control the loading of data into the flip-flop.

Section 3 - Informational
-------------------------
INFO:LIT:244 - All of the single ended outputs in this design are using slew
   rate limited output drivers. The delay on speed critical single ended outputs
   can be dramatically reduced by designating them as fast outputs.
INFO:Pack:1716 - Initializing temperature to 85.000 Celsius. (default - Range:
   0.000 to 85.000 Celsius)
INFO:Pack:1720 - Initializing voltage to 0.950 Volts. (default - Range: 0.950 to
   1.050 Volts)
INFO:Map:215 - The Interim Design Summary has been generated in the MAP Report
   (.mrp).
INFO:Pack:1650 - Map created a placed design.

Section 4 - Removed Logic Summary
---------------------------------
  13 block(s) removed
  45 block(s) optimized away
  12 signal(s) removed

Section 5 - Removed Logic
-------------------------

The trimmed logic report below shows the logic removed from your design due to
sourceless or loadless signals, and VCC or ground connections.  If the removal
of a signal or symbol results in the subsequent removal of an additional signal
or symbol, the message explaining that second removal will be indented.  This
indentation will be repeated as a chain of related logic is removed.

To quickly locate the original cause for the removal of a chain of logic, look
above the place where that logic is listed in the trimming report, then locate
the lines that are least indented (begin at the leftmost edge).

Loadless block "bird_one/Madd_n0020_Madd9" (ROM) removed.

The trimmed logic reported below is either:
   1. part of a cycle
   2. part of disabled logic
   3. a side-effect of other trimmed logic

The signal "DispScore/m1/XLXI_1/XLXI_28/D1" is unused and has been removed.
 Unused block "DispScore/m1/XLXI_1/XLXI_28/XLXI_2" (AND) removed.
  The signal "DispScore/m1/XLXI_1/XLXI_28/XLXN_80" is unused and has been removed.
   Unused block "DispScore/m1/XLXI_1/XLXI_28/XLXI_6" (BUF) removed.
The signal "DispScore/m1/XLXI_1/XLXI_28/D3" is unused and has been removed.
 Unused block "DispScore/m1/XLXI_1/XLXI_28/XLXI_4" (AND) removed.
The signal "DispScore/m1/XLXI_1/XLXI_28/XLXN_108" is unused and has been
removed.
 Unused block "DispScore/m1/XLXI_1/XLXI_28/XLXI_5" (BUF) removed.
The signal "DispScore/m1/XLXI_1/XLXI_28/D2" is unused and has been removed.
 Unused block "DispScore/m1/XLXI_1/XLXI_28/XLXI_3" (AND) removed.
The signal "DispScore/m1/XLXI_1/XLXI_28/D0" is unused and has been removed.
 Unused block "DispScore/m1/XLXI_1/XLXI_28/XLXI_1" (AND) removed.
The signal "DispScore/m1/XLXI_1/XLXI_29/D1" is unused and has been removed.
 Unused block "DispScore/m1/XLXI_1/XLXI_29/XLXI_2" (AND) removed.
  The signal "DispScore/m1/XLXI_1/XLXI_29/XLXN_80" is unused and has been removed.
   Unused block "DispScore/m1/XLXI_1/XLXI_29/XLXI_6" (BUF) removed.
The signal "DispScore/m1/XLXI_1/XLXI_29/D3" is unused and has been removed.
 Unused block "DispScore/m1/XLXI_1/XLXI_29/XLXI_4" (AND) removed.
The signal "DispScore/m1/XLXI_1/XLXI_29/XLXN_108" is unused and has been
removed.
 Unused block "DispScore/m1/XLXI_1/XLXI_29/XLXI_5" (BUF) removed.
The signal "DispScore/m1/XLXI_1/XLXI_29/D2" is unused and has been removed.
 Unused block "DispScore/m1/XLXI_1/XLXI_29/XLXI_3" (AND) removed.
The signal "DispScore/m1/XLXI_1/XLXI_29/D0" is unused and has been removed.
 Unused block "DispScore/m1/XLXI_1/XLXI_29/XLXI_1" (AND) removed.

Optimized Block(s):
TYPE 		BLOCK
AND2 		DispScore/m1/XLXI_1/XLXI_28/XLXI_43
AND2 		DispScore/m1/XLXI_1/XLXI_28/XLXI_44
OR4 		DispScore/m1/XLXI_1/XLXI_28/XLXI_45
AND2 		DispScore/m1/XLXI_1/XLXI_28/XLXI_7
AND2 		DispScore/m1/XLXI_1/XLXI_28/XLXI_8
AND2 		DispScore/m1/XLXI_1/XLXI_29/XLXI_43
AND2 		DispScore/m1/XLXI_1/XLXI_29/XLXI_44
OR4 		DispScore/m1/XLXI_1/XLXI_29/XLXI_45
AND2 		DispScore/m1/XLXI_1/XLXI_29/XLXI_7
AND2 		DispScore/m1/XLXI_1/XLXI_29/XLXI_8
AND2 		DispScore/m1/XLXI_1/XLXI_30/XLXI_126
AND2 		DispScore/m1/XLXI_1/XLXI_30/XLXI_153
AND2 		DispScore/m1/XLXI_1/XLXI_30/XLXI_159
AND2 		DispScore/m1/XLXI_1/XLXI_30/XLXI_3
INV 		DispScore/m1/XLXI_2/XLXI_58
GND 		Help/XST_GND
VCC 		Help/XST_VCC
GND 		LOGO/XST_GND
VCC 		LOGO/XST_VCC
GND 		PAUSE0/XST_GND
VCC 		PAUSE0/XST_VCC
GND 		PressHelp/XST_GND
VCC 		PressHelp/XST_VCC
GND 		XST_GND
VCC 		XST_VCC
GND 		bird_one/bird1/XST_GND
VCC 		bird_one/bird1/XST_VCC
GND 		bird_one/bird2/XST_GND
VCC 		bird_one/bird2/XST_VCC
GND 		bird_one/bird3/XST_GND
VCC 		bird_one/bird3/XST_VCC
GND 		day_background/XST_GND
VCC 		day_background/XST_VCC
GND 		game_over/XST_GND
VCC 		game_over/XST_VCC
GND 		night_background/XST_GND
VCC 		night_background/XST_VCC
GND 		pip_one_L/PIPE_1L/XST_GND
VCC 		pip_one_L/PIPE_1L/XST_VCC
GND 		pip_two_L/PIPE_2L/XST_GND
VCC 		pip_two_L/PIPE_2L/XST_VCC
GND 		pipe_one_H/PIPE_1H/XST_GND
VCC 		pipe_one_H/PIPE_1H/XST_VCC
GND 		pipe_two_H/PIPE_2H/XST_GND
VCC 		pipe_two_H/PIPE_2H/XST_VCC

To enable printing of redundant blocks removed and signals merged, set the
detailed map report option and rerun map.

Section 6 - IOB Properties
--------------------------

+---------------------------------------------------------------------------------------------------------------------------------------------------------+
| IOB Name                           | Type             | Direction | IO Standard          | Diff  | Drive    | Slew | Reg (s)      | Resistor | IOB      |
|                                    |                  |           |                      | Term  | Strength | Rate |              |          | Delay    |
+---------------------------------------------------------------------------------------------------------------------------------------------------------+
| AN<0>                              | IOB33            | OUTPUT    | LVCMOS33             |       | 12       | SLOW |              |          |          |
| AN<1>                              | IOB33            | OUTPUT    | LVCMOS33             |       | 12       | SLOW |              |          |          |
| AN<2>                              | IOB33            | OUTPUT    | LVCMOS33             |       | 12       | SLOW |              |          |          |
| AN<3>                              | IOB33            | OUTPUT    | LVCMOS33             |       | 12       | SLOW |              |          |          |
| Segment<0>                         | IOB33            | OUTPUT    | LVCMOS33             |       | 12       | SLOW |              |          |          |
| Segment<1>                         | IOB33            | OUTPUT    | LVCMOS33             |       | 12       | SLOW |              |          |          |
| Segment<2>                         | IOB33            | OUTPUT    | LVCMOS33             |       | 12       | SLOW |              |          |          |
| Segment<3>                         | IOB33            | OUTPUT    | LVCMOS33             |       | 12       | SLOW |              |          |          |
| Segment<4>                         | IOB33            | OUTPUT    | LVCMOS33             |       | 12       | SLOW |              |          |          |
| Segment<5>                         | IOB33            | OUTPUT    | LVCMOS33             |       | 12       | SLOW |              |          |          |
| Segment<6>                         | IOB33            | OUTPUT    | LVCMOS33             |       | 12       | SLOW |              |          |          |
| Segment<7>                         | IOB33            | OUTPUT    | LVCMOS33             |       | 12       | SLOW |              |          |          |
| btn                                | IOB33            | INPUT     | LVCMOS33             |       |          |      |              |          |          |
| hsync                              | IOB33            | OUTPUT    | LVCMOS33             |       | 12       | SLOW |              |          |          |
| ps2Clk                             | IOB33            | INPUT     | LVCMOS33             |       |          |      |              |          |          |
| ps2Dat                             | IOB33            | INPUT     | LVCMOS33             |       |          |      |              |          |          |
| reset                              | IOB33            | INPUT     | LVCMOS33             |       |          |      |              |          |          |
| rgb<0>                             | IOB33            | OUTPUT    | LVCMOS33             |       | 12       | SLOW |              |          |          |
| rgb<1>                             | IOB33            | OUTPUT    | LVCMOS33             |       | 12       | SLOW |              |          |          |
| rgb<2>                             | IOB33            | OUTPUT    | LVCMOS33             |       | 12       | SLOW |              |          |          |
| rgb<3>                             | IOB33            | OUTPUT    | LVCMOS33             |       | 12       | SLOW |              |          |          |
| rgb<4>                             | IOB33            | OUTPUT    | LVCMOS33             |       | 12       | SLOW |              |          |          |
| rgb<5>                             | IOB33            | OUTPUT    | LVCMOS33             |       | 12       | SLOW |              |          |          |
| rgb<6>                             | IOB33            | OUTPUT    | LVCMOS33             |       | 12       | SLOW |              |          |          |
| rgb<7>                             | IOB33            | OUTPUT    | LVCMOS33             |       | 12       | SLOW |              |          |          |
| rgb<8>                             | IOB33            | OUTPUT    | LVCMOS33             |       | 12       | SLOW |              |          |          |
| rgb<9>                             | IOB33            | OUTPUT    | LVCMOS33             |       | 12       | SLOW |              |          |          |
| rgb<10>                            | IOB33            | OUTPUT    | LVCMOS33             |       | 12       | SLOW |              |          |          |
| rgb<11>                            | IOB33            | OUTPUT    | LVCMOS33             |       | 12       | SLOW |              |          |          |
| sw                                 | IOB33            | INPUT     | LVCMOS33             |       |          |      |              |          |          |
| system_clk                         | IOB33            | INPUT     | LVCMOS33             |       |          |      |              |          |          |
| vsync                              | IOB33            | OUTPUT    | LVCMOS33             |       | 12       | SLOW |              |          |          |
+---------------------------------------------------------------------------------------------------------------------------------------------------------+

Section 7 - RPMs
----------------

Section 8 - Guide Report
------------------------
Guide not run on this design.

Section 9 - Area Group and Partition Summary
--------------------------------------------

Partition Implementation Status
-------------------------------

  No Partitions were found in this design.

-------------------------------

Area Group Information
----------------------

  No area groups were found in this design.

----------------------

Section 10 - Timing Report
--------------------------
A logic-level (pre-route) timing report can be generated by using Xilinx static
timing analysis tools, Timing Analyzer (GUI) or TRCE (command line), with the
mapped NCD and PCF files. Please note that this timing report will be generated
using estimated delay information. For accurate numbers, please generate a
timing report with the post Place and Route NCD file.

For more information about the Timing Analyzer, consult the Xilinx Timing
Analyzer Reference Manual; for more information about TRCE, consult the Xilinx
Command Line Tools User Guide "TRACE" chapter.

Section 11 - Configuration String Details
-----------------------------------------
Use the "-detail" map option to print out Configuration Strings

Section 12 - Control Set Information
------------------------------------
Use the "-detail" map option to print out Control Set Information.

Section 13 - Utilization by Hierarchy
-------------------------------------
Use the "-detail" map option to print out the Utilization by Hierarchy section.
